Tue Feb 26 15:15:09 CET 2019 : Server di rete Apache Derby: 10.11.1.2 - (1629631) avviato e pronto ad accettare connessioni sulla porta 1527
Tue Feb 26 15:15:09 CET 2019 Thread[DRDAConnThread_2,5,main] Cleanup action starting
java.sql.SQLException: Database 'BDT' non trovato.
	at org.apache.derby.impl.jdbc.SQLExceptionFactory.getSQLException(Unknown Source)
	at org.apache.derby.impl.jdbc.SQLExceptionFactory.getSQLException(Unknown Source)
	at org.apache.derby.impl.jdbc.Util.generateCsSQLException(Unknown Source)
	at org.apache.derby.impl.jdbc.Util.generateCsSQLException(Unknown Source)
	at org.apache.derby.impl.jdbc.EmbedConnection.newSQLException(Unknown Source)
	at org.apache.derby.impl.jdbc.EmbedConnection.handleDBNotFound(Unknown Source)
	at org.apache.derby.impl.jdbc.EmbedConnection.<init>(Unknown Source)
	at org.apache.derby.jdbc.InternalDriver.getNewEmbedConnection(Unknown Source)
	at org.apache.derby.jdbc.InternalDriver.connect(Unknown Source)
	at org.apache.derby.jdbc.InternalDriver.connect(Unknown Source)
	at org.apache.derby.jdbc.EmbeddedDriver.connect(Unknown Source)
	at org.apache.derby.impl.drda.Database.makeConnection(Unknown Source)
	at org.apache.derby.impl.drda.DRDAConnThread.getConnFromDatabaseName(Unknown Source)
	at org.apache.derby.impl.drda.DRDAConnThread.verifyUserIdPassword(Unknown Source)
	at org.apache.derby.impl.drda.DRDAConnThread.parseSECCHK(Unknown Source)
	at org.apache.derby.impl.drda.DRDAConnThread.parseDRDAConnection(Unknown Source)
	at org.apache.derby.impl.drda.DRDAConnThread.processCommands(Unknown Source)
	at org.apache.derby.impl.drda.DRDAConnThread.run(Unknown Source)
Caused by: ERROR XJ004: Database 'BDT' non trovato.
	at org.apache.derby.iapi.error.StandardException.newException(Unknown Source)
	at org.apache.derby.impl.jdbc.SQLExceptionFactory.wrapArgsForTransportAcrossDRDA(Unknown Source)
	... 18 more
============= begin nested exception, level (1) ===========
ERROR XJ004: Database 'BDT' non trovato.
	at org.apache.derby.iapi.error.StandardException.newException(Unknown Source)
	at org.apache.derby.impl.jdbc.SQLExceptionFactory.wrapArgsForTransportAcrossDRDA(Unknown Source)
	at org.apache.derby.impl.jdbc.SQLExceptionFactory.getSQLException(Unknown Source)
	at org.apache.derby.impl.jdbc.SQLExceptionFactory.getSQLException(Unknown Source)
	at org.apache.derby.impl.jdbc.Util.generateCsSQLException(Unknown Source)
	at org.apache.derby.impl.jdbc.Util.generateCsSQLException(Unknown Source)
	at org.apache.derby.impl.jdbc.EmbedConnection.newSQLException(Unknown Source)
	at org.apache.derby.impl.jdbc.EmbedConnection.handleDBNotFound(Unknown Source)
	at org.apache.derby.impl.jdbc.EmbedConnection.<init>(Unknown Source)
	at org.apache.derby.jdbc.InternalDriver.getNewEmbedConnection(Unknown Source)
	at org.apache.derby.jdbc.InternalDriver.connect(Unknown Source)
	at org.apache.derby.jdbc.InternalDriver.connect(Unknown Source)
	at org.apache.derby.jdbc.EmbeddedDriver.connect(Unknown Source)
	at org.apache.derby.impl.drda.Database.makeConnection(Unknown Source)
	at org.apache.derby.impl.drda.DRDAConnThread.getConnFromDatabaseName(Unknown Source)
	at org.apache.derby.impl.drda.DRDAConnThread.verifyUserIdPassword(Unknown Source)
	at org.apache.derby.impl.drda.DRDAConnThread.parseSECCHK(Unknown Source)
	at org.apache.derby.impl.drda.DRDAConnThread.parseDRDAConnection(Unknown Source)
	at org.apache.derby.impl.drda.DRDAConnThread.processCommands(Unknown Source)
	at org.apache.derby.impl.drda.DRDAConnThread.run(Unknown Source)
============= end nested exception, level (1) ===========
Cleanup action completed
Tue Feb 26 15:15:09 CET 2019 Thread[DRDAConnThread_2,5,main] (DATABASE = BDT), (DRDAID = {1}), Database 'BDT' non trovato.
----------------------------------------------------------------
Tue Feb 26 15:16:31 CET 2019:
Avvio della versione di Derby The Apache Software Foundation - Apache Derby - 10.11.1.2 - (1629631): istanza a816c00e-0169-2a28-c8d3-fffffbd01568
sulla directory di database D:\DiscoC\Mine\Mine2\Scuola\Marconi\AS 2018-19\JPA\marconi-BDT2\BDT1 con caricatore classi sun.misc.Launcher$AppClassLoader@266474c2 
Caricato da file:/C:/Program%20Files/Java/jdk1.8.0_161/db/lib/derby.jar
java.vendor=Oracle Corporation
java.runtime.version=1.8.0_161-b12
user.dir=C:\Program Files\Java\jdk1.8.0_161\db
os.name=Windows 10
os.arch=amd64
os.version=10.0
derby.system.home=D:\DiscoC\Mine\Mine2\Scuola\Marconi\AS 2018-19\JPA\marconi-BDT2
Programma di caricamento classe database avviato - derby.database.classpath=''
----------------------------------------------------------------
Tue Feb 26 15:16:33 CET 2019:
Arresto dell'istanza a816c00e-0169-2a28-c8d3-fffffbd01568 nella directory del database D:\DiscoC\Mine\Mine2\Scuola\Marconi\AS 2018-19\JPA\marconi-BDT2\BDT1 con il caricatore di classi sun.misc.Launcher$AppClassLoader@266474c2 
Tue Feb 26 15:16:33 CET 2019 Thread[DRDAConnThread_2,5,main] (DATABASE = BDT1), (DRDAID = {3}), Chiusura del database 'BDT1'.
----------------------------------------------------------------
Tue Feb 26 15:16:39 CET 2019:
Avvio della versione di Derby The Apache Software Foundation - Apache Derby - 10.11.1.2 - (1629631): istanza a65c80ac-0169-2a28-c8d3-fffffbd01568
sulla directory di database D:\DiscoC\Mine\Mine2\Scuola\Marconi\AS 2018-19\JPA\marconi-BDT2\BDT1 con caricatore classi sun.misc.Launcher$AppClassLoader@266474c2 
Caricato da file:/C:/Program%20Files/Java/jdk1.8.0_161/db/lib/derby.jar
java.vendor=Oracle Corporation
java.runtime.version=1.8.0_161-b12
user.dir=C:\Program Files\Java\jdk1.8.0_161\db
os.name=Windows 10
os.arch=amd64
os.version=10.0
derby.system.home=D:\DiscoC\Mine\Mine2\Scuola\Marconi\AS 2018-19\JPA\marconi-BDT2
Programma di caricamento classe database avviato - derby.database.classpath=''
----------------------------------------------------------------
Tue Feb 26 16:19:41 CET 2019: arresto in corso del motore di Derby
----------------------------------------------------------------
Tue Feb 26 16:19:41 CET 2019:
Arresto dell'istanza a65c80ac-0169-2a28-c8d3-fffffbd01568 nella directory del database D:\DiscoC\Mine\Mine2\Scuola\Marconi\AS 2018-19\JPA\marconi-BDT2\BDT1 con il caricatore di classi sun.misc.Launcher$AppClassLoader@266474c2 
